2024-12-02 17:08:32,172 - __main__ - INFO - Starting prediction process for AAPL
2024-12-02 17:08:32,594 - __main__ - INFO - Downloaded 501 days of historical data
2024-12-02 17:08:32,615 - __main__ - INFO - Calculated technical indicators
2024-12-02 17:08:32,616 - __main__ - INFO - Preparing data for training...
2024-12-02 17:08:32,621 - __main__ - INFO - Optimizing hyperparameters...
2024-12-02 17:09:58,576 - __main__ - INFO - Best trial: {'xgb_n_estimators': 465, 'xgb_max_depth': 4, 'xgb_learning_rate': 0.02227077865660282, 'xgb_subsample': 0.6044296892532814, 'xgb_colsample_bytree': 0.6707126984623745, 'xgb_min_child_weight': 5, 'xgb_gamma': 5.527856763414975e-08, 'xgb_reg_alpha': 1.566207935542941e-07, 'xgb_reg_lambda': 1.0904574611059596e-05, 'lgb_n_estimators': 362, 'lgb_max_depth': 3, 'lgb_learning_rate': 0.0779990379156062, 'lgb_subsample': 0.6750872776583582, 'lgb_colsample_bytree': 0.9752660076568755, 'lgb_min_child_samples': 9, 'lgb_reg_alpha': 4.164722875422037e-08, 'lgb_reg_lambda': 1.8940092045893973e-05, 'lgb_min_split_gain': 0.0004729375363927215}
2024-12-02 17:09:58,576 - __main__ - INFO - Best score: 0.47772727272727267
2024-12-02 17:09:58,577 - __main__ - INFO - Best parameters: {'xgb_n_estimators': 465, 'xgb_max_depth': 4, 'xgb_learning_rate': 0.02227077865660282, 'xgb_subsample': 0.6044296892532814, 'xgb_colsample_bytree': 0.6707126984623745, 'xgb_min_child_weight': 5, 'xgb_gamma': 5.527856763414975e-08, 'xgb_reg_alpha': 1.566207935542941e-07, 'xgb_reg_lambda': 1.0904574611059596e-05, 'lgb_n_estimators': 362, 'lgb_max_depth': 3, 'lgb_learning_rate': 0.0779990379156062, 'lgb_subsample': 0.6750872776583582, 'lgb_colsample_bytree': 0.9752660076568755, 'lgb_min_child_samples': 9, 'lgb_reg_alpha': 4.164722875422037e-08, 'lgb_reg_lambda': 1.8940092045893973e-05, 'lgb_min_split_gain': 0.0004729375363927215}
2024-12-02 17:09:58,577 - __main__ - INFO - Training ensemble models...
2024-12-02 17:09:58,577 - __main__ - INFO - Training xgboost...
2024-12-02 17:09:58,857 - __main__ - INFO - Training lightgbm...
2024-12-02 17:09:58,973 - __main__ - INFO - Training random_forest...
2024-12-02 17:09:59,966 - __main__ - INFO - Training gradient_boosting...
2024-12-02 17:10:00,886 - __main__ - INFO - Model saved successfully to output/AAPL_model_20241202_171000.joblib
2024-12-02 17:10:01,511 - __main__ - INFO - Analysis completed successfully
2024-12-02 17:10:15,377 - __main__ - INFO - Starting prediction process for AAPL
2024-12-02 17:10:15,612 - __main__ - INFO - Downloaded 501 days of historical data
2024-12-02 17:10:15,632 - __main__ - INFO - Calculated technical indicators
2024-12-02 17:10:15,633 - __main__ - INFO - Preparing data for training...
2024-12-02 17:10:15,637 - __main__ - INFO - Optimizing hyperparameters...
2024-12-02 17:11:40,826 - __main__ - INFO - Best trial: {'xgb_n_estimators': 465, 'xgb_max_depth': 4, 'xgb_learning_rate': 0.02227077865660282, 'xgb_subsample': 0.6044296892532814, 'xgb_colsample_bytree': 0.6707126984623745, 'xgb_min_child_weight': 5, 'xgb_gamma': 5.527856763414975e-08, 'xgb_reg_alpha': 1.566207935542941e-07, 'xgb_reg_lambda': 1.0904574611059596e-05, 'lgb_n_estimators': 362, 'lgb_max_depth': 3, 'lgb_learning_rate': 0.0779990379156062, 'lgb_subsample': 0.6750872776583582, 'lgb_colsample_bytree': 0.9752660076568755, 'lgb_min_child_samples': 9, 'lgb_reg_alpha': 4.164722875422037e-08, 'lgb_reg_lambda': 1.8940092045893973e-05, 'lgb_min_split_gain': 0.0004729375363927215}
2024-12-02 17:11:40,827 - __main__ - INFO - Best score: 0.47772727272727267
2024-12-02 17:11:40,827 - __main__ - INFO - Best parameters: {'xgb_n_estimators': 465, 'xgb_max_depth': 4, 'xgb_learning_rate': 0.02227077865660282, 'xgb_subsample': 0.6044296892532814, 'xgb_colsample_bytree': 0.6707126984623745, 'xgb_min_child_weight': 5, 'xgb_gamma': 5.527856763414975e-08, 'xgb_reg_alpha': 1.566207935542941e-07, 'xgb_reg_lambda': 1.0904574611059596e-05, 'lgb_n_estimators': 362, 'lgb_max_depth': 3, 'lgb_learning_rate': 0.0779990379156062, 'lgb_subsample': 0.6750872776583582, 'lgb_colsample_bytree': 0.9752660076568755, 'lgb_min_child_samples': 9, 'lgb_reg_alpha': 4.164722875422037e-08, 'lgb_reg_lambda': 1.8940092045893973e-05, 'lgb_min_split_gain': 0.0004729375363927215}
2024-12-02 17:11:40,828 - __main__ - INFO - Training ensemble models...
2024-12-02 17:11:40,828 - __main__ - INFO - Training xgboost...
2024-12-02 17:11:41,106 - __main__ - INFO - Training lightgbm...
2024-12-02 17:11:41,217 - __main__ - INFO - Training random_forest...
2024-12-02 17:11:42,168 - __main__ - INFO - Training gradient_boosting...
2024-12-02 17:11:43,139 - __main__ - INFO - Model saved successfully to output/AAPL_model_20241202_171142.joblib
2024-12-02 17:11:43,387 - __main__ - INFO - Analysis completed successfully
